d:\brian\documents\workspace\cg\final\npr\npr\debug\vc142.pdb
d:\brian\documents\workspace\cg\final\npr\npr\debug\vc142.idb
d:\brian\documents\workspace\cg\final\npr\npr\debug\main.obj
c:\users\tarun\onedrive\documents\god_files\graphics\non-photorealistic-rendering\npr\debug\vc142.pdb
c:\users\tarun\onedrive\documents\god_files\graphics\non-photorealistic-rendering\npr\debug\vc142.idb
c:\users\tarun\onedrive\documents\god_files\graphics\non-photorealistic-rendering\npr\debug\main.obj
d:\brian\documents\workspace\cg\final\npr\debug\npr.exe
d:\brian\documents\workspace\cg\final\npr\debug\npr.ilk
d:\brian\documents\workspace\cg\final\npr\debug\npr.pdb
c:\users\tarun\onedrive\documents\god_files\graphics\non-photorealistic-rendering\debug\npr.ilk
c:\users\tarun\onedrive\documents\god_files\graphics\non-photorealistic-rendering\debug\npr.exe
c:\users\tarun\onedrive\documents\god_files\graphics\non-photorealistic-rendering\debug\npr.pdb
d:\brian\documents\workspace\cg\final\npr\npr\debug\vcpkg.applocal.log
d:\brian\documents\workspace\cg\final\npr\debug\glew32d.dll
c:\users\tarun\onedrive\documents\god_files\graphics\non-photorealistic-rendering\npr\debug\vcpkg.applocal.log
c:\users\tarun\onedrive\documents\god_files\graphics\non-photorealistic-rendering\npr\debug\npr.tlog\cl.command.1.tlog
c:\users\tarun\onedrive\documents\god_files\graphics\non-photorealistic-rendering\npr\debug\npr.tlog\cl.read.1.tlog
c:\users\tarun\onedrive\documents\god_files\graphics\non-photorealistic-rendering\npr\debug\npr.tlog\cl.write.1.tlog
c:\users\tarun\onedrive\documents\god_files\graphics\non-photorealistic-rendering\npr\debug\npr.tlog\link.command.1.tlog
c:\users\tarun\onedrive\documents\god_files\graphics\non-photorealistic-rendering\npr\debug\npr.tlog\link.read.1.tlog
c:\users\tarun\onedrive\documents\god_files\graphics\non-photorealistic-rendering\npr\debug\npr.tlog\link.write.1.tlog
c:\users\tarun\onedrive\documents\god_files\graphics\non-photorealistic-rendering\npr\debug\npr.tlog\npr.write.1u.tlog
