The system is: Windows - 10.0.18362 - AMD64
Compiling the C compiler identification source file "CMakeCCompilerId.c" succeeded.
Compiler: C:/Program Files (x86)/Microsoft Visual Studio/2019/Community/VC/Tools/MSVC/14.25.28610/bin/HostX64/x64/cl.exe 
Build flags: 
Id flags:  

The output was:
0
Microsoft (R) C/C++ Optimizing Compiler Version 19.25.28612 for x64
Copyright (C) Microsoft Corporation.  All rights reserved.

CMakeCCompilerId.c
Microsoft (R) Incremental Linker Version 14.25.28612.0
Copyright (C) Microsoft Corporation.  All rights reserved.

/out:CMakeCCompilerId.exe 
CMakeCCompilerId.obj 


Compilation of the C compiler identification source "CMakeCCompilerId.c" produced "CMakeCCompilerId.exe"

Compilation of the C compiler identification source "CMakeCCompilerId.c" produced "CMakeCCompilerId.obj"

The C compiler identification is MSVC, found in "C:/Users/tarun/OneDrive/Documents/God_Files/graphics/Non-Photorealistic-Rendering/Dependencies/glm/out/build/x64-Debug/CMakeFiles/3.16.19112601-MSVC_2/CompilerIdC/CMakeCCompilerId.exe"

Compiling the CXX compiler identification source file "CMakeCXXCompilerId.cpp" succeeded.
Compiler: C:/Program Files (x86)/Microsoft Visual Studio/2019/Community/VC/Tools/MSVC/14.25.28610/bin/HostX64/x64/cl.exe 
Build flags: 
Id flags:  

The output was:
0
Microsoft (R) C/C++ Optimizing Compiler Version 19.25.28612 for x64
Copyright (C) Microsoft Corporation.  All rights reserved.

CMakeCXXCompilerId.cpp
Microsoft (R) Incremental Linker Version 14.25.28612.0
Copyright (C) Microsoft Corporation.  All rights reserved.

/out:CMakeCXXCompilerId.exe 
CMakeCXXCompilerId.obj 


Compilation of the CXX compiler identification source "CMakeCXXCompilerId.cpp" produced "CMakeCXXCompilerId.exe"

Compilation of the CXX compiler identification source "CMakeCXXCompilerId.cpp" produced "CMakeCXXCompilerId.obj"

The CXX compiler identification is MSVC, found in "C:/Users/tarun/OneDrive/Documents/God_Files/graphics/Non-Photorealistic-Rendering/Dependencies/glm/out/build/x64-Debug/CMakeFiles/3.16.19112601-MSVC_2/CompilerIdCXX/CMakeCXXCompilerId.exe"

Determining if the C compiler works passed with the following output:
Change Dir: C:/Users/tarun/OneDrive/Documents/God_Files/graphics/Non-Photorealistic-Rendering/Dependencies/glm/out/build/x64-Debug/CMakeFiles/CMakeTmp

Run Build Command(s):C:/Program Files (x86)/Microsoft Visual Studio/2019/Community/Common7/IDE/CommonExtensions/Microsoft/CMake/Ninja/ninja.exe cmTC_c7c3d && [1/2] Building C object CMakeFiles\cmTC_c7c3d.dir\testCCompiler.c.obj
[2/2] Linking C executable cmTC_c7c3d.exe



Detecting C compiler ABI info compiled with the following output:
Change Dir: C:/Users/tarun/OneDrive/Documents/God_Files/graphics/Non-Photorealistic-Rendering/Dependencies/glm/out/build/x64-Debug/CMakeFiles/CMakeTmp

Run Build Command(s):C:/Program Files (x86)/Microsoft Visual Studio/2019/Community/Common7/IDE/CommonExtensions/Microsoft/CMake/Ninja/ninja.exe cmTC_3b84b && [1/2] Building C object CMakeFiles\cmTC_3b84b.dir\CMakeCCompilerABI.c.obj
[2/2] Linking C executable cmTC_3b84b.exe



Determining if the CXX compiler works passed with the following output:
Change Dir: C:/Users/tarun/OneDrive/Documents/God_Files/graphics/Non-Photorealistic-Rendering/Dependencies/glm/out/build/x64-Debug/CMakeFiles/CMakeTmp

Run Build Command(s):C:/Program Files (x86)/Microsoft Visual Studio/2019/Community/Common7/IDE/CommonExtensions/Microsoft/CMake/Ninja/ninja.exe cmTC_110e8 && [1/2] Building CXX object CMakeFiles\cmTC_110e8.dir\testCXXCompiler.cxx.obj
[2/2] Linking CXX executable cmTC_110e8.exe



Detecting CXX compiler ABI info compiled with the following output:
Change Dir: C:/Users/tarun/OneDrive/Documents/God_Files/graphics/Non-Photorealistic-Rendering/Dependencies/glm/out/build/x64-Debug/CMakeFiles/CMakeTmp

Run Build Command(s):C:/Program Files (x86)/Microsoft Visual Studio/2019/Community/Common7/IDE/CommonExtensions/Microsoft/CMake/Ninja/ninja.exe cmTC_df575 && [1/2] Building CXX object CMakeFiles\cmTC_df575.dir\CMakeCXXCompilerABI.cpp.obj
[2/2] Linking CXX executable cmTC_df575.exe



